

Version:	3.50
CmdLine:	C:\Users\Cesar\IdeaProjects\Calculadora\Calculadora.exe --l4j-debug
JNI:		No
WOW64:		Yes
Working dir:	C:\Users\Cesar\IdeaProjects\Calculadora\.
Requires JDK:	No
Requires 64-Bit: No
Java min ver:	1.024.000
Java max ver:	
Substitute:	JAVA_HOME = 
Substitute:	PATH = C:\Program Files\Common Files\Oracle\Java\javapath;C:\Windows\system32;C:\Windows;C:\Windows\System32\Wbem;C:\Windows\System32\WindowsPowerShell\v1.0\;C:\Windows\System32\OpenSSH\;C:\Program Files (x86)\NVIDIA Corporation\PhysX\Common;C:\Program Files\Git\cmd;C:\Users\Cesar\AppData\Local\Microsoft\WindowsApps;C:\Users\Cesar\AppData\Local\GitHubDesktop\bin;C:\Users\Cesar\AppData\Local\Programs\Microsoft VS Code\bin;C:\Users\Cesar\.jdks\openjdk-24\bin;C:\Program Files\Apache\Maven\bin;C:\Users\Cesar\.jdks\openjdk-24\bin
JRE paths:	;C:\Program Files\Common Files\Oracle\Java\javapath;C:\Windows\system32;C:\Windows;C:\Windows\System32\Wbem;C:\Windows\System32\WindowsPowerShell\v1.0\;C:\Windows\System32\OpenSSH\;C:\Program Files (x86)\NVIDIA Corporation\PhysX\Common;C:\Program Files\Git\cmd;C:\Users\Cesar\AppData\Local\Microsoft\WindowsApps;C:\Users\Cesar\AppData\Local\GitHubDesktop\bin;C:\Users\Cesar\AppData\Local\Programs\Microsoft VS Code\bin;C:\Users\Cesar\.jdks\openjdk-24\bin;C:\Program Files\Apache\Maven\bin;C:\Users\Cesar\.jdks\openjdk-24\bin
Check launcher:	C:\Program Files\Common Files\Oracle\Java\javapath\bin\javaw.exe (not found)
Check launcher:	C:\Windows\system32\bin\javaw.exe (not found)
Check launcher:	C:\Windows\bin\javaw.exe (not found)
Check launcher:	C:\Windows\System32\Wbem\bin\javaw.exe (not found)
Check launcher:	C:\Windows\System32\WindowsPowerShell\v1.0\bin\javaw.exe (not found)
Check launcher:	C:\Windows\System32\OpenSSH\bin\javaw.exe (not found)
Check launcher:	C:\Program Files (x86)\NVIDIA Corporation\PhysX\Common\bin\javaw.exe (not found)
Check launcher:	C:\Program Files\Git\cmd\bin\javaw.exe (not found)
Check launcher:	C:\Users\Cesar\AppData\Local\Microsoft\WindowsApps\bin\javaw.exe (not found)
Check launcher:	C:\Users\Cesar\AppData\Local\GitHubDesktop\bin\javaw.exe (not found)
Check launcher:	C:\Users\Cesar\AppData\Local\Programs\Microsoft VS Code\bin\javaw.exe (not found)
Check launcher:	C:\Users\Cesar\.jdks\openjdk-24\bin\javaw.exe (OK)
Version string: 1.024.000 / 64-Bit (OK)
Launcher:	C:\Users\Cesar\.jdks\openjdk-24\bin\javaw.exe
Launcher args:	-jar "C:\Users\Cesar\IdeaProjects\Calculadora\Calculadora.exe"
Args length:	62/32768 chars
Exit code:	0


Version:	3.50
CmdLine:	C:\Users\Cesar\RepositoryGit\Calculadora\Calculadora.exe --l4j-debug
JNI:		No
WOW64:		Yes
Working dir:	C:\Users\Cesar\RepositoryGit\Calculadora\.
Requires JDK:	No
Requires 64-Bit: No
Java min ver:	
Java max ver:	
Substitute:	JAVA_HOME = 
Substitute:	PATH = C:\Program Files\Common Files\Oracle\Java\javapath;C:\Windows\system32;C:\Windows;C:\Windows\System32\Wbem;C:\Windows\System32\WindowsPowerShell\v1.0\;C:\Windows\System32\OpenSSH\;C:\Program Files (x86)\NVIDIA Corporation\PhysX\Common;C:\Program Files\Git\cmd;C:\Users\Cesar\AppData\Local\Microsoft\WindowsApps;C:\Users\Cesar\AppData\Local\GitHubDesktop\bin;C:\Users\Cesar\AppData\Local\Programs\Microsoft VS Code\bin;C:\Users\Cesar\.jdks\openjdk-24\bin;C:\Program Files\Apache\Maven\bin;;C:\Users\Cesar\.jdks\openjdk-24\bin
JRE paths:	;C:\Program Files\Common Files\Oracle\Java\javapath;C:\Windows\system32;C:\Windows;C:\Windows\System32\Wbem;C:\Windows\System32\WindowsPowerShell\v1.0\;C:\Windows\System32\OpenSSH\;C:\Program Files (x86)\NVIDIA Corporation\PhysX\Common;C:\Program Files\Git\cmd;C:\Users\Cesar\AppData\Local\Microsoft\WindowsApps;C:\Users\Cesar\AppData\Local\GitHubDesktop\bin;C:\Users\Cesar\AppData\Local\Programs\Microsoft VS Code\bin;C:\Users\Cesar\.jdks\openjdk-24\bin;C:\Program Files\Apache\Maven\bin;;C:\Users\Cesar\.jdks\openjdk-24\bin
Check launcher:	C:\Program Files\Common Files\Oracle\Java\javapath\bin\javaw.exe (not found)
Check launcher:	C:\Windows\system32\bin\javaw.exe (not found)
Check launcher:	C:\Windows\bin\javaw.exe (not found)
Check launcher:	C:\Windows\System32\Wbem\bin\javaw.exe (not found)
Check launcher:	C:\Windows\System32\WindowsPowerShell\v1.0\bin\javaw.exe (not found)
Check launcher:	C:\Windows\System32\OpenSSH\bin\javaw.exe (not found)
Check launcher:	C:\Program Files (x86)\NVIDIA Corporation\PhysX\Common\bin\javaw.exe (not found)
Check launcher:	C:\Program Files\Git\cmd\bin\javaw.exe (not found)
Check launcher:	C:\Users\Cesar\AppData\Local\Microsoft\WindowsApps\bin\javaw.exe (not found)
Check launcher:	C:\Users\Cesar\AppData\Local\GitHubDesktop\bin\javaw.exe (not found)
Check launcher:	C:\Users\Cesar\AppData\Local\Programs\Microsoft VS Code\bin\javaw.exe (not found)
Check launcher:	C:\Users\Cesar\.jdks\openjdk-24\bin\javaw.exe (OK)
Version string: 1.024.000 / 64-Bit (OK)
Launcher:	C:\Users\Cesar\.jdks\openjdk-24\bin\javaw.exe
Launcher args:	-jar "C:\Users\Cesar\RepositoryGit\Calculadora\Calculadora.exe"
Args length:	63/32768 chars
Exit code:	0
